<?xml version="1.0" encoding="UTF-8"?>
<testsuite xmlns:xsi="http://www.w3.org/2001/XMLSchema-instance" xsi:noNamespaceSchemaLocation="https://maven.apache.org/surefire/maven-surefire-plugin/xsd/surefire-test-report-3.0.xsd" version="3.0" name="RouteStrategyTest" time="0.135" tests="3" errors="0" skipped="0" failures="0">
  <properties>
[...]
</properties>
  <testcase name="testShortestRoute" classname="RouteStrategyTest" time="0.07">
    <system-out><![CDATA[Shortest Route: 153,28 km, Estimated Time: 3,07 hours
]]></system-out>
  </testcase>
  <testcase name="testEconomicalRoute" classname="RouteStrategyTest" time="0.004">
    <system-out><![CDATA[Economical Route: 109,80 km, Estimated Time: 1,83 hours, Fuel Cost: 8,24
]]></system-out>
  </testcase>
  <testcase name="testFastestRoute" classname="RouteStrategyTest" time="0.007">
    <system-out><![CDATA[Fastest Route: 145,41 km, Estimated Time: 1,82 hours
]]></system-out>
  </testcase>
</testsuite>